2025-08-08T01:38:26 | touched: Cargo.toml
2025-07-15T17:52:50 | touched: Cargo.toml
2025-02-20T13:09:53 | touched: LICENSE
2025-08-21T15:18:03 | touched: README.md
2025-04-10T22:01:30 | touched: Cargo.toml
2025-04-30T14:29:53 | touched: src/main.rs
2025-07-01T20:31:37 | touched: README.md
2025-08-20T03:08:15 | touched: README.md
2025-09-22T03:46:55 | touched: README.md
2025-06-11T10:46:24 | touched: Cargo.toml
2025-06-01T18:26:28 | touched: src/lib.rs
2025-05-01T19:12:15 | touched: LICENSE
2025-12-14T19:40:34 | touched: LICENSE
2025-07-26T11:00:07 | touched: README.md
2025-05-25T14:41:47 | touched: src/main.rs
2025-02-15T17:03:45 | touched: src/lib.rs
2025-09-20T20:33:18 | touched: src/main.rs
2025-01-17T13:23:35 | touched: README.md
2025-06-28T01:39:22 | touched: src/lib.rs
2025-09-15T07:49:46 | touched: src/main.rs
2025-11-12T10:06:21 | touched: src/main.rs
2025-08-21T10:56:40 | touched: src/main.rs
2025-05-20T02:54:36 | touched: src/lib.rs
2025-06-22T03:11:12 | touched: LICENSE
